<?xml version="1.0" encoding="UTF-8"?>
<!-- Generated by org.testng.reporters.JUnitReportReporter -->
<testsuite skipped="0" hostname="ESLDellV3" name="signInAction.TC_Login" tests="1" failures="0" timestamp="07 May 2018 13:03:49 GMT" time="14.292" errors="0">
  <testcase name="ExamConfigMasterTest" time="14.292" classname="signInAction.TC_Login"/>
</testsuite> <!-- signInAction.TC_Login -->
