<?xml version="1.0" encoding="UTF-8"?>
<!-- Generated by org.testng.reporters.JUnitReportReporter -->
<testsuite skipped="0" hostname="ESLDellV3" name="signInAction.testpractis" tests="1" failures="0" timestamp="07 May 2018 13:03:49 GMT" time="0.012" errors="0">
  <testcase name="getProperties" time="0.012" classname="signInAction.testpractis"/>
</testsuite> <!-- signInAction.testpractis -->
