<?xml version="1.0" encoding="UTF-8"?>
<!-- Generated by org.testng.reporters.JUnitReportReporter -->
<testsuite skipped="0" hostname="ESLDellV3" name="homePage.HomePage" tests="1" failures="0" timestamp="01 Jun 2018 11:09:03 GMT" time="16.693" errors="0">
  <testcase name="LoginWithMultipleUser" time="16.693" classname="homePage.HomePage"/>
</testsuite> <!-- homePage.HomePage -->
