<?xml version="1.0" encoding="UTF-8"?>
<!-- Generated by org.testng.reporters.JUnitReportReporter -->
<testsuite skipped="0" hostname="ESLDellV3" name="homePage.VerifyDate" tests="1" failures="0" timestamp="04 Jun 2018 10:19:40 GMT" time="14.070" errors="0">
  <testcase name="verfyDate" time="14.070" classname="homePage.VerifyDate"/>
</testsuite> <!-- homePage.VerifyDate -->
