<?xml version="1.0" encoding="UTF-8"?>
<!-- Generated by org.testng.reporters.JUnitReportReporter -->
<testsuite skipped="0" hostname="ESLDellV3" name="signInAction.TC_Login" tests="1" failures="0" timestamp="17 May 2018 12:48:08 GMT" time="13.339" errors="0">
  <testcase name="LoginWithMultipleUser" time="13.339" classname="signInAction.TC_Login"/>
</testsuite> <!-- signInAction.TC_Login -->
