<?xml version="1.0" encoding="UTF-8"?>
<!-- Generated by org.testng.reporters.JUnitReportReporter -->
<testsuite skipped="0" hostname="ESLDellV3" name="signInAction.testpractis" tests="3" failures="0" timestamp="07 May 2018 10:25:10 GMT" time="0.000" errors="0">
  <testcase name="testingDataProvider" time="0.000" classname="signInAction.testpractis"/>
  <testcase name="print" time="0.000" classname="signInAction.testpractis"/>
  <testcase name="testingDataProvider" time="0.000" classname="signInAction.testpractis"/>
</testsuite> <!-- signInAction.testpractis -->
