<?xml version="1.0" encoding="UTF-8"?>
<!-- Generated by org.testng.reporters.JUnitReportReporter -->
<testsuite skipped="0" hostname="Amitexppc" name="com.test.automation.uiAutomation.signInAction.TC_Login" tests="1" failures="0" timestamp="02 Apr 2018 14:02:07 GMT" time="1.765" errors="0">
  <testcase name="tc_Login" time="1.765" classname="com.test.automation.uiAutomation.signInAction.TC_Login"/>
</testsuite> <!-- com.test.automation.uiAutomation.signInAction.TC_Login -->
