<?xml version="1.0" encoding="UTF-8"?>
<!-- Generated by org.testng.reporters.JUnitReportReporter -->
<testsuite skipped="0" hostname="ESLDellV3" name="signInAction.testpractis" tests="1" failures="0" timestamp="08 May 2018 12:07:15 GMT" time="6.675" errors="0">
  <testcase name="javaScripExecuter" time="6.675" classname="signInAction.testpractis"/>
</testsuite> <!-- signInAction.testpractis -->
