<?xml version="1.0" encoding="UTF-8"?>
<!-- Generated by org.testng.reporters.JUnitReportReporter -->
<testsuite skipped="0" hostname="Amitexppc" name="signInAction.TC_Login" tests="1" failures="0" timestamp="01 May 2018 06:48:23 GMT" time="15.542" errors="0">
  <testcase name="ExamConfigMasterTest" time="15.542" classname="signInAction.TC_Login"/>
</testsuite> <!-- signInAction.TC_Login -->
